<?xml version="1.0" encoding="UTF-8"?>
<coverage generated="1626251406221" clover="3.2.0">
  <project timestamp="1626251406221" name="All files">
    <metrics statements="86" coveredstatements="76" conditionals="54" coveredconditionals="22" methods="22" coveredmethods="17" elements="162" coveredelements="115" complexity="0" loc="86" ncloc="86" packages="4" files="16" classes="16"/>
    <package name="src">
      <metrics statements="6" coveredstatements="5" conditionals="0" coveredconditionals="0" methods="4" coveredmethods="3"/>
      <file name="App.tsx" path="/Users/kimandersen/workdir/example-react-typescript/src/App.tsx">
        <metrics statements="6" coveredstatements="5" conditionals="0" coveredconditionals="0" methods="4" coveredmethods="3"/>
        <line num="20" count="1" type="stmt"/>
        <line num="21" count="1" type="stmt"/>
        <line num="23" count="1" type="stmt"/>
        <line num="27" count="1" type="stmt"/>
        <line num="29" count="1" type="stmt"/>
        <line num="167" count="0" type="stmt"/>
      </file>
    </package>
    <package name="src.animations">
      <metrics statements="1" coveredstatements="1" conditionals="0" coveredconditionals="0" methods="0" coveredmethods="0"/>
      <file name="index.ts" path="/Users/kimandersen/workdir/example-react-typescript/src/animations/index.ts">
        <metrics statements="0" coveredstatements="0" conditionals="0" coveredconditionals="0" methods="0" coveredmethods="0"/>
      </file>
      <file name="slowspin.ts" path="/Users/kimandersen/workdir/example-react-typescript/src/animations/slowspin.ts">
        <metrics statements="1" coveredstatements="1" conditionals="0" coveredconditionals="0" methods="0" coveredmethods="0"/>
        <line num="3" count="1" type="stmt"/>
      </file>
    </package>
    <package name="src.components">
      <metrics statements="71" coveredstatements="67" conditionals="48" coveredconditionals="22" methods="14" coveredmethods="12"/>
      <file name="Alert.tsx" path="/Users/kimandersen/workdir/example-react-typescript/src/components/Alert.tsx">
        <metrics statements="7" coveredstatements="6" conditionals="8" coveredconditionals="8" methods="2" coveredmethods="1"/>
        <line num="25" count="1" type="stmt"/>
        <line num="34" count="1" type="stmt"/>
        <line num="42" count="6" type="stmt"/>
        <line num="43" count="6" type="stmt"/>
        <line num="44" count="6" type="stmt"/>
        <line num="52" count="6" type="stmt"/>
        <line num="71" count="0" type="cond" truecount="2" falsecount="0"/>
      </file>
      <file name="Avatar.tsx" path="/Users/kimandersen/workdir/example-react-typescript/src/components/Avatar.tsx">
        <metrics statements="4" coveredstatements="4" conditionals="2" coveredconditionals="2" methods="1" coveredmethods="1"/>
        <line num="4" count="1" type="stmt"/>
        <line num="21" count="1" type="stmt"/>
        <line num="26" count="6" type="stmt"/>
        <line num="27" count="6" type="cond" truecount="2" falsecount="0"/>
      </file>
      <file name="Button.tsx" path="/Users/kimandersen/workdir/example-react-typescript/src/components/Button.tsx">
        <metrics statements="12" coveredstatements="9" conditionals="14" coveredconditionals="5" methods="2" coveredmethods="1"/>
        <line num="45" count="1" type="stmt"/>
        <line num="56" count="1" type="stmt"/>
        <line num="64" count="1" type="stmt"/>
        <line num="71" count="1" type="stmt"/>
        <line num="85" count="17" type="stmt"/>
        <line num="87" count="17" type="stmt"/>
        <line num="98" count="17" type="stmt"/>
        <line num="101" count="0" type="stmt"/>
        <line num="102" count="0" type="cond" truecount="0" falsecount="2"/>
        <line num="103" count="0" type="stmt"/>
        <line num="107" count="17" type="stmt"/>
        <line num="132" count="1" type="stmt"/>
      </file>
      <file name="Card.tsx" path="/Users/kimandersen/workdir/example-react-typescript/src/components/Card.tsx">
        <metrics statements="7" coveredstatements="7" conditionals="6" coveredconditionals="2" methods="1" coveredmethods="1"/>
        <line num="24" count="1" type="stmt"/>
        <line num="32" count="1" type="stmt"/>
        <line num="40" count="3" type="stmt"/>
        <line num="41" count="3" type="stmt"/>
        <line num="48" count="3" type="stmt"/>
        <line num="49" count="3" type="stmt"/>
        <line num="60" count="1" type="stmt"/>
      </file>
      <file name="Emoji.tsx" path="/Users/kimandersen/workdir/example-react-typescript/src/components/Emoji.tsx">
        <metrics statements="4" coveredstatements="4" conditionals="1" coveredconditionals="0" methods="1" coveredmethods="1"/>
        <line num="23" count="1" type="stmt"/>
        <line num="24" count="2" type="cond" truecount="0" falsecount="1"/>
        <line num="25" count="2" type="stmt"/>
        <line num="33" count="1" type="stmt"/>
      </file>
      <file name="Header.tsx" path="/Users/kimandersen/workdir/example-react-typescript/src/components/Header.tsx">
        <metrics statements="5" coveredstatements="5" conditionals="1" coveredconditionals="0" methods="1" coveredmethods="1"/>
        <line num="6" count="1" type="stmt"/>
        <line num="7" count="2" type="stmt"/>
        <line num="18" count="2" type="cond" truecount="0" falsecount="1"/>
        <line num="19" count="2" type="stmt"/>
        <line num="27" count="1" type="stmt"/>
      </file>
      <file name="Input.tsx" path="/Users/kimandersen/workdir/example-react-typescript/src/components/Input.tsx">
        <metrics statements="7" coveredstatements="7" conditionals="4" coveredconditionals="1" methods="1" coveredmethods="1"/>
        <line num="5" count="1" type="stmt"/>
        <line num="22" count="1" type="stmt"/>
        <line num="24" count="1" type="stmt"/>
        <line num="28" count="1" type="stmt"/>
        <line num="34" count="1" type="cond" truecount="1" falsecount="1"/>
        <line num="37" count="1" type="stmt"/>
        <line num="41" count="1" type="stmt"/>
      </file>
      <file name="Pill.tsx" path="/Users/kimandersen/workdir/example-react-typescript/src/components/Pill.tsx">
        <metrics statements="10" coveredstatements="10" conditionals="4" coveredconditionals="0" methods="1" coveredmethods="1"/>
        <line num="5" count="1" type="stmt"/>
        <line num="18" count="1" type="stmt"/>
        <line num="38" count="1" type="stmt"/>
        <line num="45" count="13" type="stmt"/>
        <line num="46" count="13" type="stmt"/>
        <line num="48" count="13" type="stmt"/>
        <line num="50" count="13" type="stmt"/>
        <line num="51" count="13" type="stmt"/>
        <line num="58" count="13" type="stmt"/>
        <line num="66" count="1" type="stmt"/>
      </file>
      <file name="ReactLogo.tsx" path="/Users/kimandersen/workdir/example-react-typescript/src/components/ReactLogo.tsx">
        <metrics statements="5" coveredstatements="5" conditionals="4" coveredconditionals="2" methods="1" coveredmethods="1"/>
        <line num="10" count="1" type="stmt"/>
        <line num="11" count="1" type="cond" truecount="0" falsecount="2"/>
        <line num="12" count="1" type="cond" truecount="2" falsecount="0"/>
        <line num="13" count="1" type="stmt"/>
        <line num="29" count="1" type="stmt"/>
      </file>
      <file name="SkipLink.tsx" path="/Users/kimandersen/workdir/example-react-typescript/src/components/SkipLink.tsx">
        <metrics statements="5" coveredstatements="5" conditionals="3" coveredconditionals="2" methods="1" coveredmethods="1"/>
        <line num="12" count="1" type="stmt"/>
        <line num="27" count="1" type="stmt"/>
        <line num="28" count="1" type="cond" truecount="0" falsecount="1"/>
        <line num="29" count="1" type="stmt"/>
        <line num="41" count="1" type="stmt"/>
      </file>
      <file name="Spinner.tsx" path="/Users/kimandersen/workdir/example-react-typescript/src/components/Spinner.tsx">
        <metrics statements="3" coveredstatements="3" conditionals="1" coveredconditionals="0" methods="1" coveredmethods="1"/>
        <line num="11" count="1" type="cond" truecount="0" falsecount="1"/>
        <line num="12" count="17" type="stmt"/>
        <line num="37" count="1" type="stmt"/>
      </file>
      <file name="Tips.tsx" path="/Users/kimandersen/workdir/example-react-typescript/src/components/Tips.tsx">
        <metrics statements="2" coveredstatements="2" conditionals="0" coveredconditionals="0" methods="1" coveredmethods="1"/>
        <line num="5" count="1" type="stmt"/>
        <line num="6" count="1" type="stmt"/>
      </file>
    </package>
    <package name="src.utils">
      <metrics statements="8" coveredstatements="3" conditionals="6" coveredconditionals="0" methods="4" coveredmethods="2"/>
      <file name="index.ts" path="/Users/kimandersen/workdir/example-react-typescript/src/utils/index.ts">
        <metrics statements="8" coveredstatements="3" conditionals="6" coveredconditionals="0" methods="4" coveredmethods="2"/>
        <line num="2" count="1" type="stmt"/>
        <line num="8" count="1" type="stmt"/>
        <line num="15" count="0" type="cond" truecount="0" falsecount="2"/>
        <line num="17" count="0" type="cond" truecount="0" falsecount="2"/>
        <line num="20" count="0" type="cond" truecount="0" falsecount="2"/>
        <line num="21" count="0" type="stmt"/>
        <line num="24" count="0" type="stmt"/>
        <line num="29" count="22" type="stmt"/>
      </file>
    </package>
  </project>
</coverage>
