{"/Users/kimandersen/workdir/example-react-typescript/src/App.tsx": {"path":"/Users/kimandersen/workdir/example-react-typescript/src/App.tsx","statementMap":{"0":{"start":{"line":20,"column":47},"end":{"line":24,"column":1}},"1":{"start":{"line":21,"column":23},"end":{"line":21,"column":56}},"2":{"start":{"line":23,"column":4},"end":{"line":23,"column":66}},"3":{"start":{"line":27,"column":19},"end":{"line":27,"column":55}},"4":{"start":{"line":29,"column":2},"end":{"line":186,"column":4}},"5":{"start":{"line":167,"column":29},"end":{"line":167,"column":54}}},"fnMap":{"0":{"name":"(anonymous_0)","decl":{"start":{"line":21,"column":11},"end":{"line":21,"column":12}},"loc":{"start":{"line":21,"column":23},"end":{"line":21,"column":56}},"line":21},"1":{"name":"(anonymous_1)","decl":{"start":{"line":22,"column":6},"end":{"line":22,"column":7}},"loc":{"start":{"line":23,"column":4},"end":{"line":23,"column":66}},"line":23},"2":{"name":"App","decl":{"start":{"line":26,"column":24},"end":{"line":26,"column":27}},"loc":{"start":{"line":26,"column":30},"end":{"line":187,"column":1}},"line":26},"3":{"name":"(anonymous_3)","decl":{"start":{"line":167,"column":23},"end":{"line":167,"column":24}},"loc":{"start":{"line":167,"column":29},"end":{"line":167,"column":54}},"line":167}},"branchMap":{},"s":{"0":1,"1":1,"2":1,"3":1,"4":1,"5":0},"f":{"0":1,"1":1,"2":1,"3":0},"b":{},"_coverageSchema":"1a1c01bbd47fc00a2c39e90264f33305004495a9","hash":"f9ec534dbe62262c9044dd8a1b47369252056706"}
,"/Users/kimandersen/workdir/example-react-typescript/src/animations/index.ts": {"path":"/Users/kimandersen/workdir/example-react-typescript/src/animations/index.ts","statementMap":{},"fnMap":{},"branchMap":{},"s":{},"f":{},"b":{},"_coverageSchema":"1a1c01bbd47fc00a2c39e90264f33305004495a9","hash":"4fea27d95d48d90a0e4f8317523479aff0674966"}
,"/Users/kimandersen/workdir/example-react-typescript/src/animations/slowspin.ts": {"path":"/Users/kimandersen/workdir/example-react-typescript/src/animations/slowspin.ts","statementMap":{"0":{"start":{"line":3,"column":24},"end":{"line":10,"column":2}}},"fnMap":{},"branchMap":{},"s":{"0":1},"f":{},"b":{},"_coverageSchema":"1a1c01bbd47fc00a2c39e90264f33305004495a9","hash":"fa311283d6692b5f1059c1f837401a8fd4d3cc60"}
,"/Users/kimandersen/workdir/example-react-typescript/src/components/Alert.tsx": {"path":"/Users/kimandersen/workdir/example-react-typescript/src/components/Alert.tsx","statementMap":{"0":{"start":{"line":25,"column":17},"end":{"line":32,"column":1}},"1":{"start":{"line":34,"column":21},"end":{"line":75,"column":1}},"2":{"start":{"line":42,"column":26},"end":{"line":42,"column":46}},"3":{"start":{"line":43,"column":16},"end":{"line":43,"column":33}},"4":{"start":{"line":44,"column":29},"end":{"line":51,"column":71}},"5":{"start":{"line":52,"column":2},"end":{"line":74,"column":4}},"6":{"start":{"line":71,"column":44},"end":{"line":71,"column":58}}},"fnMap":{"0":{"name":"(anonymous_0)","decl":{"start":{"line":34,"column":21},"end":{"line":34,"column":22}},"loc":{"start":{"line":41,"column":18},"end":{"line":75,"column":1}},"line":41},"1":{"name":"(anonymous_1)","decl":{"start":{"line":71,"column":38},"end":{"line":71,"column":39}},"loc":{"start":{"line":71,"column":44},"end":{"line":71,"column":58}},"line":71}},"branchMap":{"0":{"loc":{"start":{"line":37,"column":2},"end":{"line":37,"column":16}},"type":"default-arg","locations":[{"start":{"line":37,"column":14},"end":{"line":37,"column":16}}],"line":37},"1":{"loc":{"start":{"line":38,"column":2},"end":{"line":38,"column":18}},"type":"default-arg","locations":[{"start":{"line":38,"column":13},"end":{"line":38,"column":18}}],"line":38},"2":{"loc":{"start":{"line":39,"column":2},"end":{"line":39,"column":21}},"type":"default-arg","locations":[{"start":{"line":39,"column":12},"end":{"line":39,"column":21}}],"line":39},"3":{"loc":{"start":{"line":40,"column":2},"end":{"line":40,"column":12}},"type":"default-arg","locations":[{"start":{"line":40,"column":10},"end":{"line":40,"column":12}}],"line":40},"4":{"loc":{"start":{"line":68,"column":11},"end":{"line":68,"column":64}},"type":"binary-expr","locations":[{"start":{"line":68,"column":11},"end":{"line":68,"column":16}},{"start":{"line":68,"column":20},"end":{"line":68,"column":64}}],"line":68},"5":{"loc":{"start":{"line":71,"column":9},"end":{"line":71,"column":74}},"type":"binary-expr","locations":[{"start":{"line":71,"column":9},"end":{"line":71,"column":17}},{"start":{"line":71,"column":21},"end":{"line":71,"column":74}}],"line":71}},"s":{"0":1,"1":1,"2":6,"3":6,"4":6,"5":6,"6":0},"f":{"0":6,"1":0},"b":{"0":[6],"1":[4],"2":[1],"3":[6],"4":[6,1],"5":[6,2]},"_coverageSchema":"1a1c01bbd47fc00a2c39e90264f33305004495a9","hash":"07a409befddb212c332665d7934156a3789a03e9"}
,"/Users/kimandersen/workdir/example-react-typescript/src/components/Avatar.tsx": {"path":"/Users/kimandersen/workdir/example-react-typescript/src/components/Avatar.tsx","statementMap":{"0":{"start":{"line":4,"column":21},"end":{"line":19,"column":2}},"1":{"start":{"line":21,"column":22},"end":{"line":28,"column":1}},"2":{"start":{"line":26,"column":32},"end":{"line":26,"column":37}},"3":{"start":{"line":27,"column":2},"end":{"line":27,"column":62}}},"fnMap":{"0":{"name":"(anonymous_0)","decl":{"start":{"line":21,"column":22},"end":{"line":21,"column":23}},"loc":{"start":{"line":25,"column":6},"end":{"line":28,"column":1}},"line":25}},"branchMap":{"0":{"loc":{"start":{"line":27,"column":38},"end":{"line":27,"column":47}},"type":"binary-expr","locations":[{"start":{"line":27,"column":38},"end":{"line":27,"column":41}},{"start":{"line":27,"column":45},"end":{"line":27,"column":47}}],"line":27}},"s":{"0":1,"1":1,"2":6,"3":6},"f":{"0":6},"b":{"0":[6,6]},"_coverageSchema":"1a1c01bbd47fc00a2c39e90264f33305004495a9","hash":"84c21c250bff95550fa5f59e6785ede4c1c52ff8"}
,"/Users/kimandersen/workdir/example-react-typescript/src/components/Button.tsx": {"path":"/Users/kimandersen/workdir/example-react-typescript/src/components/Button.tsx","statementMap":{"0":{"start":{"line":45,"column":19},"end":{"line":51,"column":1}},"1":{"start":{"line":56,"column":43},"end":{"line":61,"column":1}},"2":{"start":{"line":64,"column":50},"end":{"line":69,"column":1}},"3":{"start":{"line":71,"column":22},"end":{"line":129,"column":1}},"4":{"start":{"line":85,"column":8},"end":{"line":85,"column":13}},"5":{"start":{"line":87,"column":30},"end":{"line":96,"column":3}},"6":{"start":{"line":98,"column":23},"end":{"line":98,"column":55}},"7":{"start":{"line":101,"column":6},"end":{"line":101,"column":42}},"8":{"start":{"line":102,"column":6},"end":{"line":104,"column":7}},"9":{"start":{"line":103,"column":8},"end":{"line":103,"column":19}},"10":{"start":{"line":107,"column":4},"end":{"line":127,"column":6}},"11":{"start":{"line":132,"column":0},"end":{"line":139,"column":2}}},"fnMap":{"0":{"name":"(anonymous_0)","decl":{"start":{"line":72,"column":2},"end":{"line":72,"column":3}},"loc":{"start":{"line":72,"column":18},"end":{"line":128,"column":3}},"line":72},"1":{"name":"handleOnClick","decl":{"start":{"line":100,"column":13},"end":{"line":100,"column":26}},"loc":{"start":{"line":100,"column":67},"end":{"line":105,"column":5}},"line":100}},"branchMap":{"0":{"loc":{"start":{"line":76,"column":6},"end":{"line":76,"column":20}},"type":"default-arg","locations":[{"start":{"line":76,"column":18},"end":{"line":76,"column":20}}],"line":76},"1":{"loc":{"start":{"line":77,"column":6},"end":{"line":77,"column":22}},"type":"default-arg","locations":[{"start":{"line":77,"column":17},"end":{"line":77,"column":22}}],"line":77},"2":{"loc":{"start":{"line":78,"column":6},"end":{"line":78,"column":21}},"type":"default-arg","locations":[{"start":{"line":78,"column":16},"end":{"line":78,"column":21}}],"line":78},"3":{"loc":{"start":{"line":80,"column":6},"end":{"line":80,"column":19}},"type":"default-arg","locations":[{"start":{"line":80,"column":14},"end":{"line":80,"column":19}}],"line":80},"4":{"loc":{"start":{"line":81,"column":6},"end":{"line":81,"column":17}},"type":"default-arg","locations":[{"start":{"line":81,"column":13},"end":{"line":81,"column":17}}],"line":81},"5":{"loc":{"start":{"line":83,"column":6},"end":{"line":83,"column":25}},"type":"default-arg","locations":[{"start":{"line":83,"column":16},"end":{"line":83,"column":25}}],"line":83},"6":{"loc":{"start":{"line":92,"column":14},"end":{"line":92,"column":35}},"type":"cond-expr","locations":[{"start":{"line":92,"column":22},"end":{"line":92,"column":28}},{"start":{"line":92,"column":31},"end":{"line":92,"column":35}}],"line":92},"7":{"loc":{"start":{"line":102,"column":6},"end":{"line":104,"column":7}},"type":"if","locations":[{"start":{"line":102,"column":6},"end":{"line":104,"column":7}},{"start":{"line":102,"column":6},"end":{"line":104,"column":7}}],"line":102},"8":{"loc":{"start":{"line":112,"column":15},"end":{"line":112,"column":43}},"type":"cond-expr","locations":[{"start":{"line":112,"column":25},"end":{"line":112,"column":35}},{"start":{"line":112,"column":38},"end":{"line":112,"column":43}}],"line":112},"9":{"loc":{"start":{"line":120,"column":49},"end":{"line":120,"column":69}},"type":"binary-expr","locations":[{"start":{"line":120,"column":49},"end":{"line":120,"column":57}},{"start":{"line":120,"column":61},"end":{"line":120,"column":69}}],"line":120}},"s":{"0":1,"1":1,"2":1,"3":1,"4":17,"5":17,"6":17,"7":0,"8":0,"9":0,"10":17,"11":1},"f":{"0":17,"1":0},"b":{"0":[0],"1":[0],"2":[0],"3":[0],"4":[0],"5":[0],"6":[12,5],"7":[0,0],"8":[17,0],"9":[17,13]},"_coverageSchema":"1a1c01bbd47fc00a2c39e90264f33305004495a9","hash":"5401021938e6872755a5b9b24bee090c96f46eb8"}
,"/Users/kimandersen/workdir/example-react-typescript/src/components/Card.tsx": {"path":"/Users/kimandersen/workdir/example-react-typescript/src/components/Card.tsx","statementMap":{"0":{"start":{"line":24,"column":28},"end":{"line":30,"column":1}},"1":{"start":{"line":32,"column":20},"end":{"line":57,"column":1}},"2":{"start":{"line":40,"column":29},"end":{"line":40,"column":59}},"3":{"start":{"line":41,"column":28},"end":{"line":46,"column":3}},"4":{"start":{"line":48,"column":33},"end":{"line":48,"column":87}},"5":{"start":{"line":49,"column":2},"end":{"line":56,"column":4}},"6":{"start":{"line":60,"column":0},"end":{"line":65,"column":2}}},"fnMap":{"0":{"name":"(anonymous_0)","decl":{"start":{"line":32,"column":20},"end":{"line":32,"column":21}},"loc":{"start":{"line":39,"column":17},"end":{"line":57,"column":1}},"line":39}},"branchMap":{"0":{"loc":{"start":{"line":34,"column":2},"end":{"line":34,"column":16}},"type":"default-arg","locations":[{"start":{"line":34,"column":14},"end":{"line":34,"column":16}}],"line":34},"1":{"loc":{"start":{"line":35,"column":2},"end":{"line":35,"column":12}},"type":"default-arg","locations":[{"start":{"line":35,"column":10},"end":{"line":35,"column":12}}],"line":35},"2":{"loc":{"start":{"line":36,"column":2},"end":{"line":36,"column":15}},"type":"default-arg","locations":[{"start":{"line":36,"column":14},"end":{"line":36,"column":15}}],"line":36},"3":{"loc":{"start":{"line":38,"column":2},"end":{"line":38,"column":21}},"type":"default-arg","locations":[{"start":{"line":38,"column":19},"end":{"line":38,"column":21}}],"line":38},"4":{"loc":{"start":{"line":51,"column":7},"end":{"line":53,"column":7}},"type":"binary-expr","locations":[{"start":{"line":51,"column":7},"end":{"line":51,"column":12}},{"start":{"line":52,"column":8},"end":{"line":52,"column":79}}],"line":51}},"s":{"0":1,"1":1,"2":3,"3":3,"4":3,"5":3,"6":1},"f":{"0":3},"b":{"0":[0],"1":[0],"2":[0],"3":[0],"4":[3,3]},"_coverageSchema":"1a1c01bbd47fc00a2c39e90264f33305004495a9","hash":"023d031c6b295a23d2f009d8318f5c9417bb6f84"}
,"/Users/kimandersen/workdir/example-react-typescript/src/components/Emoji.tsx": {"path":"/Users/kimandersen/workdir/example-react-typescript/src/components/Emoji.tsx","statementMap":{"0":{"start":{"line":23,"column":21},"end":{"line":30,"column":1}},"1":{"start":{"line":24,"column":42},"end":{"line":24,"column":47}},"2":{"start":{"line":25,"column":2},"end":{"line":29,"column":4}},"3":{"start":{"line":33,"column":0},"end":{"line":35,"column":2}}},"fnMap":{"0":{"name":"(anonymous_0)","decl":{"start":{"line":23,"column":21},"end":{"line":23,"column":22}},"loc":{"start":{"line":23,"column":44},"end":{"line":30,"column":1}},"line":23}},"branchMap":{"0":{"loc":{"start":{"line":24,"column":23},"end":{"line":24,"column":37}},"type":"default-arg","locations":[{"start":{"line":24,"column":35},"end":{"line":24,"column":37}}],"line":24}},"s":{"0":1,"1":2,"2":2,"3":1},"f":{"0":2},"b":{"0":[0]},"_coverageSchema":"1a1c01bbd47fc00a2c39e90264f33305004495a9","hash":"42a87e42c254eeeaaf985adbf7662f0916aef601"}
,"/Users/kimandersen/workdir/example-react-typescript/src/components/Header.tsx": {"path":"/Users/kimandersen/workdir/example-react-typescript/src/components/Header.tsx","statementMap":{"0":{"start":{"line":6,"column":22},"end":{"line":24,"column":1}},"1":{"start":{"line":7,"column":28},"end":{"line":16,"column":3}},"2":{"start":{"line":18,"column":48},"end":{"line":18,"column":53}},"3":{"start":{"line":19,"column":2},"end":{"line":23,"column":4}},"4":{"start":{"line":27,"column":0},"end":{"line":29,"column":2}}},"fnMap":{"0":{"name":"(anonymous_0)","decl":{"start":{"line":6,"column":22},"end":{"line":6,"column":23}},"loc":{"start":{"line":6,"column":46},"end":{"line":24,"column":1}},"line":6}},"branchMap":{"0":{"loc":{"start":{"line":18,"column":20},"end":{"line":18,"column":34}},"type":"default-arg","locations":[{"start":{"line":18,"column":32},"end":{"line":18,"column":34}}],"line":18}},"s":{"0":1,"1":2,"2":2,"3":2,"4":1},"f":{"0":2},"b":{"0":[0]},"_coverageSchema":"1a1c01bbd47fc00a2c39e90264f33305004495a9","hash":"219905b834017b21cb69be94ff9135ecd06b76a2"}
,"/Users/kimandersen/workdir/example-react-typescript/src/components/Input.tsx": {"path":"/Users/kimandersen/workdir/example-react-typescript/src/components/Input.tsx","statementMap":{"0":{"start":{"line":5,"column":18},"end":{"line":9,"column":1}},"1":{"start":{"line":22,"column":21},"end":{"line":32,"column":1}},"2":{"start":{"line":24,"column":30},"end":{"line":27,"column":5}},"3":{"start":{"line":28,"column":4},"end":{"line":30,"column":6}},"4":{"start":{"line":34,"column":0},"end":{"line":38,"column":1}},"5":{"start":{"line":37,"column":2},"end":{"line":37,"column":30}},"6":{"start":{"line":41,"column":0},"end":{"line":44,"column":2}}},"fnMap":{"0":{"name":"(anonymous_0)","decl":{"start":{"line":23,"column":2},"end":{"line":23,"column":3}},"loc":{"start":{"line":23,"column":65},"end":{"line":31,"column":3}},"line":23}},"branchMap":{"0":{"loc":{"start":{"line":23,"column":5},"end":{"line":23,"column":19}},"type":"default-arg","locations":[{"start":{"line":23,"column":17},"end":{"line":23,"column":19}}],"line":23},"1":{"loc":{"start":{"line":23,"column":21},"end":{"line":23,"column":32}},"type":"default-arg","locations":[{"start":{"line":23,"column":28},"end":{"line":23,"column":32}}],"line":23},"2":{"loc":{"start":{"line":34,"column":0},"end":{"line":38,"column":1}},"type":"if","locations":[{"start":{"line":34,"column":0},"end":{"line":38,"column":1}},{"start":{"line":34,"column":0},"end":{"line":38,"column":1}}],"line":34}},"s":{"0":1,"1":1,"2":1,"3":1,"4":1,"5":1,"6":1},"f":{"0":1},"b":{"0":[0],"1":[0],"2":[1,0]},"_coverageSchema":"1a1c01bbd47fc00a2c39e90264f33305004495a9","hash":"2dd0114dfc6bba144281e7fc43051b1a2ae92e26"}
,"/Users/kimandersen/workdir/example-react-typescript/src/components/Pill.tsx": {"path":"/Users/kimandersen/workdir/example-react-typescript/src/components/Pill.tsx","statementMap":{"0":{"start":{"line":5,"column":19},"end":{"line":16,"column":1}},"1":{"start":{"line":18,"column":18},"end":{"line":22,"column":1}},"2":{"start":{"line":38,"column":20},"end":{"line":63,"column":1}},"3":{"start":{"line":45,"column":6},"end":{"line":45,"column":11}},"4":{"start":{"line":46,"column":31},"end":{"line":46,"column":48}},"5":{"start":{"line":48,"column":28},"end":{"line":48,"column":43}},"6":{"start":{"line":50,"column":26},"end":{"line":50,"column":96}},"7":{"start":{"line":51,"column":28},"end":{"line":56,"column":3}},"8":{"start":{"line":58,"column":2},"end":{"line":62,"column":4}},"9":{"start":{"line":66,"column":0},"end":{"line":71,"column":2}}},"fnMap":{"0":{"name":"(anonymous_0)","decl":{"start":{"line":38,"column":20},"end":{"line":38,"column":21}},"loc":{"start":{"line":38,"column":42},"end":{"line":63,"column":1}},"line":38}},"branchMap":{"0":{"loc":{"start":{"line":41,"column":4},"end":{"line":41,"column":18}},"type":"default-arg","locations":[{"start":{"line":41,"column":16},"end":{"line":41,"column":18}}],"line":41},"1":{"loc":{"start":{"line":42,"column":4},"end":{"line":42,"column":14}},"type":"default-arg","locations":[{"start":{"line":42,"column":12},"end":{"line":42,"column":14}}],"line":42},"2":{"loc":{"start":{"line":43,"column":4},"end":{"line":43,"column":18}},"type":"default-arg","locations":[{"start":{"line":43,"column":12},"end":{"line":43,"column":18}}],"line":43},"3":{"loc":{"start":{"line":44,"column":4},"end":{"line":44,"column":15}},"type":"default-arg","locations":[{"start":{"line":44,"column":11},"end":{"line":44,"column":15}}],"line":44}},"s":{"0":1,"1":1,"2":1,"3":13,"4":13,"5":13,"6":13,"7":13,"8":13,"9":1},"f":{"0":13},"b":{"0":[0],"1":[0],"2":[0],"3":[0]},"_coverageSchema":"1a1c01bbd47fc00a2c39e90264f33305004495a9","hash":"8df8e09d76cb016028329fa1d98ae406da215034"}
,"/Users/kimandersen/workdir/example-react-typescript/src/components/ReactLogo.tsx": {"path":"/Users/kimandersen/workdir/example-react-typescript/src/components/ReactLogo.tsx","statementMap":{"0":{"start":{"line":10,"column":25},"end":{"line":26,"column":1}},"1":{"start":{"line":11,"column":52},"end":{"line":11,"column":57}},"2":{"start":{"line":12,"column":28},"end":{"line":12,"column":59}},"3":{"start":{"line":13,"column":2},"end":{"line":25,"column":4}},"4":{"start":{"line":29,"column":0},"end":{"line":32,"column":2}}},"fnMap":{"0":{"name":"(anonymous_0)","decl":{"start":{"line":10,"column":25},"end":{"line":10,"column":26}},"loc":{"start":{"line":10,"column":52},"end":{"line":26,"column":1}},"line":10}},"branchMap":{"0":{"loc":{"start":{"line":11,"column":10},"end":{"line":11,"column":24}},"type":"default-arg","locations":[{"start":{"line":11,"column":22},"end":{"line":11,"column":24}}],"line":11},"1":{"loc":{"start":{"line":11,"column":26},"end":{"line":11,"column":38}},"type":"default-arg","locations":[{"start":{"line":11,"column":33},"end":{"line":11,"column":38}}],"line":11},"2":{"loc":{"start":{"line":12,"column":36},"end":{"line":12,"column":52}},"type":"binary-expr","locations":[{"start":{"line":12,"column":36},"end":{"line":12,"column":40}},{"start":{"line":12,"column":44},"end":{"line":12,"column":52}}],"line":12}},"s":{"0":1,"1":1,"2":1,"3":1,"4":1},"f":{"0":1},"b":{"0":[0],"1":[0],"2":[1,1]},"_coverageSchema":"1a1c01bbd47fc00a2c39e90264f33305004495a9","hash":"00848bff8560893b889efb668164cc4a6cfe670d"}
,"/Users/kimandersen/workdir/example-react-typescript/src/components/SkipLink.tsx": {"path":"/Users/kimandersen/workdir/example-react-typescript/src/components/SkipLink.tsx","statementMap":{"0":{"start":{"line":12,"column":26},"end":{"line":25,"column":1}},"1":{"start":{"line":27,"column":24},"end":{"line":38,"column":1}},"2":{"start":{"line":28,"column":59},"end":{"line":28,"column":64}},"3":{"start":{"line":29,"column":2},"end":{"line":37,"column":4}},"4":{"start":{"line":41,"column":0},"end":{"line":43,"column":2}}},"fnMap":{"0":{"name":"(anonymous_0)","decl":{"start":{"line":27,"column":24},"end":{"line":27,"column":25}},"loc":{"start":{"line":27,"column":50},"end":{"line":38,"column":1}},"line":27}},"branchMap":{"0":{"loc":{"start":{"line":28,"column":20},"end":{"line":28,"column":34}},"type":"default-arg","locations":[{"start":{"line":28,"column":32},"end":{"line":28,"column":34}}],"line":28},"1":{"loc":{"start":{"line":35,"column":7},"end":{"line":35,"column":36}},"type":"binary-expr","locations":[{"start":{"line":35,"column":7},"end":{"line":35,"column":15}},{"start":{"line":35,"column":19},"end":{"line":35,"column":36}}],"line":35}},"s":{"0":1,"1":1,"2":1,"3":1,"4":1},"f":{"0":1},"b":{"0":[0],"1":[1,1]},"_coverageSchema":"1a1c01bbd47fc00a2c39e90264f33305004495a9","hash":"f44ddfa59feecae0c3ea55480c8f2da4cbe002f1"}
,"/Users/kimandersen/workdir/example-react-typescript/src/components/Spinner.tsx": {"path":"/Users/kimandersen/workdir/example-react-typescript/src/components/Spinner.tsx","statementMap":{"0":{"start":{"line":11,"column":23},"end":{"line":34,"column":1}},"1":{"start":{"line":12,"column":2},"end":{"line":33,"column":4}},"2":{"start":{"line":37,"column":0},"end":{"line":39,"column":2}}},"fnMap":{"0":{"name":"(anonymous_0)","decl":{"start":{"line":11,"column":23},"end":{"line":11,"column":24}},"loc":{"start":{"line":11,"column":61},"end":{"line":34,"column":1}},"line":11}},"branchMap":{"0":{"loc":{"start":{"line":11,"column":26},"end":{"line":11,"column":40}},"type":"default-arg","locations":[{"start":{"line":11,"column":38},"end":{"line":11,"column":40}}],"line":11}},"s":{"0":1,"1":17,"2":1},"f":{"0":17},"b":{"0":[0]},"_coverageSchema":"1a1c01bbd47fc00a2c39e90264f33305004495a9","hash":"90af1d6826e7ba0944cbb8776f78ec3df88dd877"}
,"/Users/kimandersen/workdir/example-react-typescript/src/components/Tips.tsx": {"path":"/Users/kimandersen/workdir/example-react-typescript/src/components/Tips.tsx","statementMap":{"0":{"start":{"line":5,"column":20},"end":{"line":34,"column":1}},"1":{"start":{"line":6,"column":2},"end":{"line":33,"column":4}}},"fnMap":{"0":{"name":"(anonymous_0)","decl":{"start":{"line":5,"column":20},"end":{"line":5,"column":21}},"loc":{"start":{"line":5,"column":26},"end":{"line":34,"column":1}},"line":5}},"branchMap":{},"s":{"0":1,"1":1},"f":{"0":1},"b":{},"_coverageSchema":"1a1c01bbd47fc00a2c39e90264f33305004495a9","hash":"d1ce2eded1285dcc4cc96b4ec8b6b92d2275ab12"}
,"/Users/kimandersen/workdir/example-react-typescript/src/utils/index.ts": {"path":"/Users/kimandersen/workdir/example-react-typescript/src/utils/index.ts","statementMap":{"0":{"start":{"line":2,"column":23},"end":{"line":2,"column":27}},"1":{"start":{"line":8,"column":29},"end":{"line":26,"column":1}},"2":{"start":{"line":15,"column":21},"end":{"line":19,"column":14}},"3":{"start":{"line":17,"column":8},"end":{"line":17,"column":61}},"4":{"start":{"line":20,"column":2},"end":{"line":25,"column":3}},"5":{"start":{"line":21,"column":4},"end":{"line":23,"column":6}},"6":{"start":{"line":24,"column":4},"end":{"line":24,"column":28}},"7":{"start":{"line":29,"column":2},"end":{"line":29,"column":57}},"8":{"start":{"line":29,"column":30},"end":{"line":29,"column":56}}},"fnMap":{"0":{"name":"(anonymous_0)","decl":{"start":{"line":8,"column":29},"end":{"line":8,"column":30}},"loc":{"start":{"line":11,"column":11},"end":{"line":26,"column":1}},"line":11},"1":{"name":"(anonymous_1)","decl":{"start":{"line":16,"column":22},"end":{"line":16,"column":23}},"loc":{"start":{"line":16,"column":38},"end":{"line":18,"column":7}},"line":16},"2":{"name":"lazy","decl":{"start":{"line":28,"column":16},"end":{"line":28,"column":20}},"loc":{"start":{"line":28,"column":76},"end":{"line":30,"column":1}},"line":28},"3":{"name":"(anonymous_3)","decl":{"start":{"line":29,"column":9},"end":{"line":29,"column":10}},"loc":{"start":{"line":29,"column":30},"end":{"line":29,"column":56}},"line":29}},"branchMap":{"0":{"loc":{"start":{"line":15,"column":21},"end":{"line":19,"column":14}},"type":"cond-expr","locations":[{"start":{"line":16,"column":6},"end":{"line":18,"column":12}},{"start":{"line":19,"column":6},"end":{"line":19,"column":14}}],"line":15},"1":{"loc":{"start":{"line":17,"column":15},"end":{"line":17,"column":60}},"type":"cond-expr","locations":[{"start":{"line":17,"column":43},"end":{"line":17,"column":54}},{"start":{"line":17,"column":57},"end":{"line":17,"column":60}}],"line":17},"2":{"loc":{"start":{"line":20,"column":2},"end":{"line":25,"column":3}},"type":"if","locations":[{"start":{"line":20,"column":2},"end":{"line":25,"column":3}},{"start":{"line":20,"column":2},"end":{"line":25,"column":3}}],"line":20}},"s":{"0":1,"1":1,"2":0,"3":0,"4":0,"5":0,"6":0,"7":11,"8":22},"f":{"0":0,"1":0,"2":11,"3":22},"b":{"0":[0,0],"1":[0,0],"2":[0,0]},"_coverageSchema":"1a1c01bbd47fc00a2c39e90264f33305004495a9","hash":"2f0fa662ee5184e6898fa4adca714d9725a5ee04"}
}
