TN:
SF:src/App.tsx
FN:21,(anonymous_0)
FN:22,(anonymous_1)
FN:26,App
FN:167,(anonymous_3)
FNF:4
FNH:3
FNDA:1,(anonymous_0)
FNDA:1,(anonymous_1)
FNDA:1,App
FNDA:0,(anonymous_3)
DA:20,1
DA:21,1
DA:23,1
DA:27,1
DA:29,1
DA:167,0
LF:6
LH:5
BRF:0
BRH:0
end_of_record
TN:
SF:src/animations/index.ts
FNF:0
FNH:0
LF:0
LH:0
BRF:0
BRH:0
end_of_record
TN:
SF:src/animations/slowspin.ts
FNF:0
FNH:0
DA:3,1
LF:1
LH:1
BRF:0
BRH:0
end_of_record
TN:
SF:src/components/Alert.tsx
FN:34,(anonymous_0)
FN:71,(anonymous_1)
FNF:2
FNH:1
FNDA:6,(anonymous_0)
FNDA:0,(anonymous_1)
DA:25,1
DA:34,1
DA:42,6
DA:43,6
DA:44,6
DA:52,6
DA:71,0
LF:7
LH:6
BRDA:37,0,0,6
BRDA:38,1,0,4
BRDA:39,2,0,1
BRDA:40,3,0,6
BRDA:68,4,0,6
BRDA:68,4,1,1
BRDA:71,5,0,6
BRDA:71,5,1,2
BRF:8
BRH:8
end_of_record
TN:
SF:src/components/Avatar.tsx
FN:21,(anonymous_0)
FNF:1
FNH:1
FNDA:6,(anonymous_0)
DA:4,1
DA:21,1
DA:26,6
DA:27,6
LF:4
LH:4
BRDA:27,0,0,6
BRDA:27,0,1,6
BRF:2
BRH:2
end_of_record
TN:
SF:src/components/Button.tsx
FN:72,(anonymous_0)
FN:100,handleOnClick
FNF:2
FNH:1
FNDA:17,(anonymous_0)
FNDA:0,handleOnClick
DA:45,1
DA:56,1
DA:64,1
DA:71,1
DA:85,17
DA:87,17
DA:98,17
DA:101,0
DA:102,0
DA:103,0
DA:107,17
DA:132,1
LF:12
LH:9
BRDA:76,0,0,0
BRDA:77,1,0,0
BRDA:78,2,0,0
BRDA:80,3,0,0
BRDA:81,4,0,0
BRDA:83,5,0,0
BRDA:92,6,0,12
BRDA:92,6,1,5
BRDA:102,7,0,0
BRDA:102,7,1,0
BRDA:112,8,0,17
BRDA:112,8,1,0
BRDA:120,9,0,17
BRDA:120,9,1,13
BRF:14
BRH:5
end_of_record
TN:
SF:src/components/Card.tsx
FN:32,(anonymous_0)
FNF:1
FNH:1
FNDA:3,(anonymous_0)
DA:24,1
DA:32,1
DA:40,3
DA:41,3
DA:48,3
DA:49,3
DA:60,1
LF:7
LH:7
BRDA:34,0,0,0
BRDA:35,1,0,0
BRDA:36,2,0,0
BRDA:38,3,0,0
BRDA:51,4,0,3
BRDA:51,4,1,3
BRF:6
BRH:2
end_of_record
TN:
SF:src/components/Emoji.tsx
FN:23,(anonymous_0)
FNF:1
FNH:1
FNDA:2,(anonymous_0)
DA:23,1
DA:24,2
DA:25,2
DA:33,1
LF:4
LH:4
BRDA:24,0,0,0
BRF:1
BRH:0
end_of_record
TN:
SF:src/components/Header.tsx
FN:6,(anonymous_0)
FNF:1
FNH:1
FNDA:2,(anonymous_0)
DA:6,1
DA:7,2
DA:18,2
DA:19,2
DA:27,1
LF:5
LH:5
BRDA:18,0,0,0
BRF:1
BRH:0
end_of_record
TN:
SF:src/components/Input.tsx
FN:23,(anonymous_0)
FNF:1
FNH:1
FNDA:1,(anonymous_0)
DA:5,1
DA:22,1
DA:24,1
DA:28,1
DA:34,1
DA:37,1
DA:41,1
LF:7
LH:7
BRDA:23,0,0,0
BRDA:23,1,0,0
BRDA:34,2,0,1
BRDA:34,2,1,0
BRF:4
BRH:1
end_of_record
TN:
SF:src/components/Pill.tsx
FN:38,(anonymous_0)
FNF:1
FNH:1
FNDA:13,(anonymous_0)
DA:5,1
DA:18,1
DA:38,1
DA:45,13
DA:46,13
DA:48,13
DA:50,13
DA:51,13
DA:58,13
DA:66,1
LF:10
LH:10
BRDA:41,0,0,0
BRDA:42,1,0,0
BRDA:43,2,0,0
BRDA:44,3,0,0
BRF:4
BRH:0
end_of_record
TN:
SF:src/components/ReactLogo.tsx
FN:10,(anonymous_0)
FNF:1
FNH:1
FNDA:1,(anonymous_0)
DA:10,1
DA:11,1
DA:12,1
DA:13,1
DA:29,1
LF:5
LH:5
BRDA:11,0,0,0
BRDA:11,1,0,0
BRDA:12,2,0,1
BRDA:12,2,1,1
BRF:4
BRH:2
end_of_record
TN:
SF:src/components/SkipLink.tsx
FN:27,(anonymous_0)
FNF:1
FNH:1
FNDA:1,(anonymous_0)
DA:12,1
DA:27,1
DA:28,1
DA:29,1
DA:41,1
LF:5
LH:5
BRDA:28,0,0,0
BRDA:35,1,0,1
BRDA:35,1,1,1
BRF:3
BRH:2
end_of_record
TN:
SF:src/components/Spinner.tsx
FN:11,(anonymous_0)
FNF:1
FNH:1
FNDA:17,(anonymous_0)
DA:11,1
DA:12,17
DA:37,1
LF:3
LH:3
BRDA:11,0,0,0
BRF:1
BRH:0
end_of_record
TN:
SF:src/components/Tips.tsx
FN:5,(anonymous_0)
FNF:1
FNH:1
FNDA:1,(anonymous_0)
DA:5,1
DA:6,1
LF:2
LH:2
BRF:0
BRH:0
end_of_record
TN:
SF:src/utils/index.ts
FN:8,(anonymous_0)
FN:16,(anonymous_1)
FN:28,lazy
FN:29,(anonymous_3)
FNF:4
FNH:2
FNDA:0,(anonymous_0)
FNDA:0,(anonymous_1)
FNDA:11,lazy
FNDA:22,(anonymous_3)
DA:2,1
DA:8,1
DA:15,0
DA:17,0
DA:20,0
DA:21,0
DA:24,0
DA:29,22
LF:8
LH:3
BRDA:15,0,0,0
BRDA:15,0,1,0
BRDA:17,1,0,0
BRDA:17,1,1,0
BRDA:20,2,0,0
BRDA:20,2,1,0
BRF:6
BRH:0
end_of_record
